<?xml version="1.0" encoding="UTF-8"?>
<!-- Generated by org.testng.reporters.JUnitXMLReporter -->
<testsuite ignored="6" hostname="MRIDULA-KEG9N97" failures="0" tests="4" name="Test" time="43.82" errors="0" timestamp="2024-05-22T10:03:48 IST">
  <testcase classname="shoppingCart.TC_DWS_003_Test" name="addProduct" time="4.99"/>
  <testcase classname="books.ClickOnBooksTest" name="clickOnBooks" time="1.295"/>
  <testcase classname="electronics.ClickOnElectronicsTest" name="clickOnElectronics" time="0.851"/>
  <testcase classname="computers.ClickOnComputersTest" name="clickOnComputers" time="0.933"/>
  <testcase classname="genericUtility.BaseClass" name="@BeforeSuite reportConfig" time="0.0">
    <ignored/>
  </testcase> <!-- @BeforeSuite reportConfig -->
  <testcase classname="genericUtility.BaseClass" name="@BeforeSuite reportConfig" time="0.0">
    <ignored/>
  </testcase> <!-- @BeforeSuite reportConfig -->
  <testcase classname="genericUtility.BaseClass" name="@AfterSuite reportBackUp" time="0.0">
    <ignored/>
  </testcase> <!-- @AfterSuite reportBackUp -->
  <testcase classname="genericUtility.BaseClass" name="@AfterSuite reportBackUp" time="0.0">
    <ignored/>
  </testcase> <!-- @AfterSuite reportBackUp -->
  <testcase classname="genericUtility.BaseClass" name="@AfterSuite reportBackUp" time="0.0">
    <ignored/>
  </testcase> <!-- @AfterSuite reportBackUp -->
  <testcase classname="genericUtility.BaseClass" name="@BeforeSuite reportConfig" time="0.0">
    <ignored/>
  </testcase> <!-- @BeforeSuite reportConfig -->
</testsuite> <!-- Test -->
