<?xml version="1.0" encoding="UTF-8"?>
<!-- Generated by org.testng.reporters.JUnitXMLReporter -->
<testsuite ignored="12" hostname="MRIDULA-KEG9N97" failures="2" tests="2" name="Test" time="70.706" errors="0" timestamp="2024-05-24T19:57:53 IST">
  <testcase classname="register.TC_DWS_001_Test" name="register" time="60.097">
    <failure type="org.openqa.selenium.NoSuchElementException" message="no such element: Unable to locate element: {&amp;quot;method&amp;quot;:&amp;quot;link text&amp;quot;,&amp;quot;selector&amp;quot;:&amp;quot;Register&amp;quot;}
  (Session info: chrome=124.0.6367.210)
For documentation on this error, please visit: https://www.selenium.dev/documentation/webdriver/troubleshooting/errors#no-such-element-exception
Build info: version: &amp;apos;4.13.0&amp;apos;, revision: &amp;apos;ba948ece5b*&amp;apos;
System info: os.name: &amp;apos;Windows 11&amp;apos;, os.arch: &amp;apos;amd64&amp;apos;, os.version: &amp;apos;10.0&amp;apos;, java.version: &amp;apos;21.0.1&amp;apos;
Driver info: org.openqa.selenium.chrome.ChromeDriver
Command: [a06e44cabb5e8582e01f3b4cb830e692, findElement {using=link text, value=Register}]
Capabilities {acceptInsecureCerts: false, browserName: chrome, browserVersion: 124.0.6367.210, chrome: {chromedriverVersion: 124.0.6367.207 (a9001a6e39f..., userDataDir: C:\Users\Dell\AppData\Local...}, fedcm:accounts: true, goog:chromeOptions: {debuggerAddress: localhost:51179}, networkConnectionEnabled: false, pageLoadStrategy: normal, platformName: windows, proxy: Proxy(), se:cdp: ws://localhost:51179/devtoo..., se:cdpVersion: 124.0.6367.210, setWindowRect: true, strictFileInteractability: false, timeouts: {implicit: 0, pageLoad: 300000, script: 30000}, unhandledPromptBehavior: dismiss and notify, webauthn:extension:credBlob: true, webauthn:extension:largeBlob: true, webauthn:extension:minPinLength: true, webauthn:extension:prf: true, webauthn:virtualAuthenticators: true}
Session ID: a06e44cabb5e8582e01f3b4cb830e692">
      <![CDATA[org.openqa.selenium.NoSuchElementException: no such element: Unable to locate element: {"method":"link text","selector":"Register"}
  (Session info: chrome=124.0.6367.210)
For documentation on this error, please visit: https://www.selenium.dev/documentation/webdriver/troubleshooting/errors#no-such-element-exception
Build info: version: '4.13.0', revision: 'ba948ece5b*'
System info: os.name: 'Windows 11', os.arch: 'amd64', os.version: '10.0', java.version: '21.0.1'
Driver info: org.openqa.selenium.chrome.ChromeDriver
Command: [a06e44cabb5e8582e01f3b4cb830e692, findElement {using=link text, value=Register}]
Capabilities {acceptInsecureCerts: false, browserName: chrome, browserVersion: 124.0.6367.210, chrome: {chromedriverVersion: 124.0.6367.207 (a9001a6e39f..., userDataDir: C:\Users\Dell\AppData\Local...}, fedcm:accounts: true, goog:chromeOptions: {debuggerAddress: localhost:51179}, networkConnectionEnabled: false, pageLoadStrategy: normal, platformName: windows, proxy: Proxy(), se:cdp: ws://localhost:51179/devtoo..., se:cdpVersion: 124.0.6367.210, setWindowRect: true, strictFileInteractability: false, timeouts: {implicit: 0, pageLoad: 300000, script: 30000}, unhandledPromptBehavior: dismiss and notify, webauthn:extension:credBlob: true, webauthn:extension:largeBlob: true, webauthn:extension:minPinLength: true, webauthn:extension:prf: true, webauthn:virtualAuthenticators: true}
Session ID: a06e44cabb5e8582e01f3b4cb830e692
at org.openqa.selenium.remote.codec.w3c.W3CHttpResponseCodec.createException(W3CHttpResponseCodec.java:200)
at org.openqa.selenium.remote.codec.w3c.W3CHttpResponseCodec.decode(W3CHttpResponseCodec.java:133)
at org.openqa.selenium.remote.codec.w3c.W3CHttpResponseCodec.decode(W3CHttpResponseCodec.java:52)
at org.openqa.selenium.remote.HttpCommandExecutor.execute(HttpCommandExecutor.java:191)
at org.openqa.selenium.remote.service.DriverCommandExecutor.invokeExecute(DriverCommandExecutor.java:196)
at org.openqa.selenium.remote.service.DriverCommandExecutor.execute(DriverCommandExecutor.java:171)
at org.openqa.selenium.remote.RemoteWebDriver.execute(RemoteWebDriver.java:602)
at org.openqa.selenium.remote.ElementLocation$ElementFinder$2.findElement(ElementLocation.java:165)
at org.openqa.selenium.remote.ElementLocation.findElement(ElementLocation.java:59)
at org.openqa.selenium.remote.RemoteWebDriver.findElement(RemoteWebDriver.java:359)
at org.openqa.selenium.remote.RemoteWebDriver.findElement(RemoteWebDriver.java:353)
at org.openqa.selenium.support.pagefactory.DefaultElementLocator.findElement(DefaultElementLocator.java:68)
at org.openqa.selenium.support.pagefactory.internal.LocatingElementHandler.invoke(LocatingElementHandler.java:38)
at jdk.proxy2/jdk.proxy2.$Proxy24.click(Unknown Source)
at register.TC_DWS_001_Test.register(TC_DWS_001_Test.java:11)
at java.base/java.util.ArrayList.forEach(ArrayList.java:1596)
... Removed 28 stack frames]]>
    </failure>
  </testcase> <!-- register -->
  <testcase classname="register.TC_DWS_001_Test" name="register" time="65.35">
    <failure type="java.lang.NullPointerException" message="Cannot invoke &amp;quot;com.aventstack.extentreports.ExtentTest.log(com.aventstack.extentreports.Status, String)&amp;quot; because &amp;quot;this.test&amp;quot; is null">
      <![CDATA[java.lang.NullPointerException: Cannot invoke "com.aventstack.extentreports.ExtentTest.log(com.aventstack.extentreports.Status, String)" because "this.test" is null
at genericUtility.ListenerUtility.onTestFailure(ListenerUtility.java:17)
at java.base/java.util.ArrayList.forEach(ArrayList.java:1596)
... Removed 24 stack frames]]>
    </failure>
  </testcase> <!-- register -->
  <testcase classname="genericUtility.BaseClass" name="@BeforeSuite reportConfig" time="0.0">
    <ignored/>
  </testcase> <!-- @BeforeSuite reportConfig -->
  <testcase classname="genericUtility.BaseClass" name="@AfterSuite reportBackUp" time="0.0">
    <ignored/>
  </testcase> <!-- @AfterSuite reportBackUp -->
  <testcase classname="genericUtility.BaseClass" name="@BeforeSuite reportConfig" time="0.0">
    <ignored/>
  </testcase> <!-- @BeforeSuite reportConfig -->
  <testcase classname="genericUtility.BaseClass" name="@AfterSuite reportBackUp" time="0.0">
    <ignored/>
  </testcase> <!-- @AfterSuite reportBackUp -->
  <testcase classname="genericUtility.BaseClass" name="@AfterSuite reportBackUp" time="0.0">
    <ignored/>
  </testcase> <!-- @AfterSuite reportBackUp -->
  <testcase classname="genericUtility.BaseClass" name="@BeforeSuite reportConfig" time="0.0">
    <ignored/>
  </testcase> <!-- @BeforeSuite reportConfig -->
  <testcase classname="genericUtility.BaseClass" name="@AfterSuite reportBackUp" time="0.0">
    <ignored/>
  </testcase> <!-- @AfterSuite reportBackUp -->
  <testcase classname="genericUtility.BaseClass" name="@BeforeSuite reportConfig" time="0.0">
    <ignored/>
  </testcase> <!-- @BeforeSuite reportConfig -->
  <testcase classname="genericUtility.BaseClass" name="@BeforeSuite reportConfig" time="0.0">
    <ignored/>
  </testcase> <!-- @BeforeSuite reportConfig -->
  <testcase classname="genericUtility.BaseClass" name="@AfterSuite reportBackUp" time="0.0">
    <ignored/>
  </testcase> <!-- @AfterSuite reportBackUp -->
  <testcase classname="genericUtility.BaseClass" name="@BeforeSuite reportConfig" time="0.0">
    <ignored/>
  </testcase> <!-- @BeforeSuite reportConfig -->
  <testcase classname="genericUtility.BaseClass" name="@AfterSuite reportBackUp" time="0.0">
    <ignored/>
  </testcase> <!-- @AfterSuite reportBackUp -->
</testsuite> <!-- Test -->
