<?xml version="1.0" encoding="UTF-8"?>
<testng-results ignored="0" total="1" passed="1" failed="0" skipped="0">
  <reporter-output>
  </reporter-output>
  <suite started-at="2024-05-19T19:59:05 IST" name="Default suite" finished-at="2024-05-19T19:59:17 IST" duration-ms="11422">
    <groups>
    </groups>
    <test started-at="2024-05-19T19:59:05 IST" name="Default test" finished-at="2024-05-19T19:59:17 IST" duration-ms="11422">
      <class name="computers.ClickOnComputersTest">
        <test-method is-config="true" signature="reportConfig()[pri:0, instance:computers.ClickOnComputersTest@22555ebf]" started-at="2024-05-19T19:59:05 IST" name="reportConfig" finished-at="2024-05-19T19:59:05 IST" duration-ms="218" status="PASS">
          <reporter-output>
          </reporter-output>
        </test-method> <!-- reportConfig -->
        <test-method is-config="true" signature="objectCreation()[pri:0, instance:computers.ClickOnComputersTest@22555ebf]" started-at="2024-05-19T19:59:05 IST" name="objectCreation" finished-at="2024-05-19T19:59:06 IST" duration-ms="587" status="PASS">
          <reporter-output>
          </reporter-output>
        </test-method> <!-- objectCreation -->
        <test-method is-config="true" signature="openBrowser(java.lang.String)[pri:0, instance:computers.ClickOnComputersTest@22555ebf]" started-at="2024-05-19T19:59:06 IST" name="openBrowser" finished-at="2024-05-19T19:59:12 IST" duration-ms="6166" status="PASS">
          <params>
            <param index="0">
              <value>
                <![CDATA[chrome]]>
              </value>
            </param>
          </params>
          <reporter-output>
          </reporter-output>
        </test-method> <!-- openBrowser -->
        <test-method is-config="true" signature="login(java.lang.reflect.Method)[pri:0, instance:computers.ClickOnComputersTest@22555ebf]" started-at="2024-05-19T19:59:12 IST" name="login" finished-at="2024-05-19T19:59:15 IST" duration-ms="2471" status="PASS">
          <params>
            <param index="0">
              <value>
                <![CDATA[public void computers.ClickOnComputersTest.clickOnComputers() throws java.io.FileNotFoundException]]>
              </value>
            </param>
          </params>
          <reporter-output>
          </reporter-output>
        </test-method> <!-- login -->
        <test-method signature="clickOnComputers()[pri:0, instance:computers.ClickOnComputersTest@22555ebf]" started-at="2024-05-19T19:59:15 IST" name="clickOnComputers" finished-at="2024-05-19T19:59:16 IST" duration-ms="983" status="PASS">
          <reporter-output>
          </reporter-output>
        </test-method> <!-- clickOnComputers -->
        <test-method is-config="true" signature="logout()[pri:0, instance:computers.ClickOnComputersTest@22555ebf]" started-at="2024-05-19T19:59:16 IST" name="logout" finished-at="2024-05-19T19:59:16 IST" duration-ms="929" status="PASS">
          <reporter-output>
          </reporter-output>
        </test-method> <!-- logout -->
        <test-method is-config="true" signature="closeBrowser()[pri:0, instance:computers.ClickOnComputersTest@22555ebf]" started-at="2024-05-19T19:59:16 IST" name="closeBrowser" finished-at="2024-05-19T19:59:17 IST" duration-ms="252" status="PASS">
          <reporter-output>
          </reporter-output>
        </test-method> <!-- closeBrowser -->
        <test-method is-config="true" signature="reportBackUp()[pri:0, instance:computers.ClickOnComputersTest@22555ebf]" started-at="2024-05-19T19:59:17 IST" name="reportBackUp" finished-at="2024-05-19T19:59:17 IST" duration-ms="659" status="PASS">
          <reporter-output>
          </reporter-output>
        </test-method> <!-- reportBackUp -->
      </class> <!-- computers.ClickOnComputersTest -->
    </test> <!-- Default test -->
  </suite> <!-- Default suite -->
</testng-results>
