<?xml version="1.0" encoding="UTF-8"?>
<testng-results ignored="8" total="13" passed="5" failed="0" skipped="0">
  <reporter-output>
  </reporter-output>
  <suite started-at="2024-05-27T19:10:28 IST" name="Suite" finished-at="2024-05-27T19:11:59 IST" duration-ms="90881">
    <groups>
    </groups>
    <test started-at="2024-05-27T19:10:28 IST" name="Test" finished-at="2024-05-27T19:11:59 IST" duration-ms="90881">
      <class name="shoppingCart.TC_DWS_004_Test">
        <test-method is-config="true" signature="openBrowser(java.lang.String)[pri:0, instance:shoppingCart.TC_DWS_004_Test@292b08d6]" started-at="2024-05-27T19:11:14 IST" name="openBrowser" finished-at="2024-05-27T19:11:40 IST" duration-ms="25334" status="PASS">
          <params>
            <param index="0">
              <value>
                <![CDATA[chrome]]>
              </value>
            </param>
          </params>
          <reporter-output>
          </reporter-output>
        </test-method> <!-- openBrowser -->
        <test-method is-config="true" signature="login(java.lang.reflect.Method)[pri:0, instance:shoppingCart.TC_DWS_004_Test@292b08d6]" started-at="2024-05-27T19:11:40 IST" name="login" finished-at="2024-05-27T19:11:42 IST" duration-ms="2512" status="PASS">
          <params>
            <param index="0">
              <value>
                <![CDATA[public void shoppingCart.TC_DWS_004_Test.removeProduct()]]>
              </value>
            </param>
          </params>
          <reporter-output>
          </reporter-output>
        </test-method> <!-- login -->
        <test-method signature="removeProduct()[pri:0, instance:shoppingCart.TC_DWS_004_Test@292b08d6]" started-at="2024-05-27T19:11:42 IST" name="removeProduct" finished-at="2024-05-27T19:11:44 IST" duration-ms="1427" status="PASS">
          <reporter-output>
          </reporter-output>
        </test-method> <!-- removeProduct -->
        <test-method is-config="true" signature="logout()[pri:0, instance:shoppingCart.TC_DWS_004_Test@292b08d6]" started-at="2024-05-27T19:11:44 IST" name="logout" finished-at="2024-05-27T19:11:45 IST" duration-ms="1121" status="PASS">
          <reporter-output>
          </reporter-output>
        </test-method> <!-- logout -->
        <test-method is-config="true" signature="closeBrowser()[pri:0, instance:shoppingCart.TC_DWS_004_Test@292b08d6]" started-at="2024-05-27T19:11:45 IST" name="closeBrowser" finished-at="2024-05-27T19:11:45 IST" duration-ms="147" status="PASS">
          <reporter-output>
          </reporter-output>
        </test-method> <!-- closeBrowser -->
      </class> <!-- shoppingCart.TC_DWS_004_Test -->
      <class name="computers.ClickOnComputersTest">
        <test-method is-config="true" signature="openBrowser(java.lang.String)[pri:0, instance:computers.ClickOnComputersTest@22555ebf]" started-at="2024-05-27T19:11:45 IST" name="openBrowser" finished-at="2024-05-27T19:11:53 IST" duration-ms="8427" status="PASS">
          <params>
            <param index="0">
              <value>
                <![CDATA[chrome]]>
              </value>
            </param>
          </params>
          <reporter-output>
          </reporter-output>
        </test-method> <!-- openBrowser -->
        <test-method is-config="true" signature="login(java.lang.reflect.Method)[pri:0, instance:computers.ClickOnComputersTest@22555ebf]" started-at="2024-05-27T19:11:53 IST" name="login" finished-at="2024-05-27T19:11:55 IST" duration-ms="1666" status="PASS">
          <params>
            <param index="0">
              <value>
                <![CDATA[public void computers.ClickOnComputersTest.clickOnComputers() throws java.io.FileNotFoundException]]>
              </value>
            </param>
          </params>
          <reporter-output>
          </reporter-output>
        </test-method> <!-- login -->
        <test-method signature="clickOnComputers()[pri:0, instance:computers.ClickOnComputersTest@22555ebf]" started-at="2024-05-27T19:11:55 IST" name="clickOnComputers" finished-at="2024-05-27T19:11:57 IST" duration-ms="1697" status="PASS">
          <reporter-output>
          </reporter-output>
        </test-method> <!-- clickOnComputers -->
        <test-method is-config="true" signature="logout()[pri:0, instance:computers.ClickOnComputersTest@22555ebf]" started-at="2024-05-27T19:11:57 IST" name="logout" finished-at="2024-05-27T19:11:59 IST" duration-ms="1745" status="PASS">
          <reporter-output>
          </reporter-output>
        </test-method> <!-- logout -->
        <test-method is-config="true" signature="closeBrowser()[pri:0, instance:computers.ClickOnComputersTest@22555ebf]" started-at="2024-05-27T19:11:59 IST" name="closeBrowser" finished-at="2024-05-27T19:11:59 IST" duration-ms="164" status="PASS">
          <reporter-output>
          </reporter-output>
        </test-method> <!-- closeBrowser -->
      </class> <!-- computers.ClickOnComputersTest -->
      <class name="shoppingCart.TC_DWS_003_Test">
        <test-method is-config="true" signature="reportConfig()[pri:0, instance:shoppingCart.TC_DWS_003_Test@175c2241]" started-at="2024-05-27T19:10:28 IST" name="reportConfig" finished-at="2024-05-27T19:10:28 IST" duration-ms="293" status="PASS">
          <reporter-output>
          </reporter-output>
        </test-method> <!-- reportConfig -->
        <test-method is-config="true" signature="openBrowser(java.lang.String)[pri:0, instance:shoppingCart.TC_DWS_003_Test@175c2241]" started-at="2024-05-27T19:10:28 IST" name="openBrowser" finished-at="2024-05-27T19:10:40 IST" duration-ms="11781" status="PASS">
          <params>
            <param index="0">
              <value>
                <![CDATA[chrome]]>
              </value>
            </param>
          </params>
          <reporter-output>
          </reporter-output>
        </test-method> <!-- openBrowser -->
        <test-method is-config="true" signature="login(java.lang.reflect.Method)[pri:0, instance:shoppingCart.TC_DWS_003_Test@175c2241]" started-at="2024-05-27T19:10:40 IST" name="login" finished-at="2024-05-27T19:10:43 IST" duration-ms="3195" status="PASS">
          <params>
            <param index="0">
              <value>
                <![CDATA[public void shoppingCart.TC_DWS_003_Test.addProduct()]]>
              </value>
            </param>
          </params>
          <reporter-output>
          </reporter-output>
        </test-method> <!-- login -->
        <test-method signature="addProduct()[pri:0, instance:shoppingCart.TC_DWS_003_Test@175c2241]" started-at="2024-05-27T19:10:43 IST" name="addProduct" finished-at="2024-05-27T19:10:48 IST" duration-ms="4863" status="PASS">
          <reporter-output>
          </reporter-output>
        </test-method> <!-- addProduct -->
        <test-method is-config="true" signature="logout()[pri:0, instance:shoppingCart.TC_DWS_003_Test@175c2241]" started-at="2024-05-27T19:10:48 IST" name="logout" finished-at="2024-05-27T19:10:49 IST" duration-ms="1330" status="PASS">
          <reporter-output>
          </reporter-output>
        </test-method> <!-- logout -->
        <test-method is-config="true" signature="closeBrowser()[pri:0, instance:shoppingCart.TC_DWS_003_Test@175c2241]" started-at="2024-05-27T19:10:49 IST" name="closeBrowser" finished-at="2024-05-27T19:10:49 IST" duration-ms="297" status="PASS">
          <reporter-output>
          </reporter-output>
        </test-method> <!-- closeBrowser -->
        <test-method is-config="true" signature="reportBackUp()[pri:0, instance:shoppingCart.TC_DWS_003_Test@175c2241]" started-at="2024-05-27T19:11:59 IST" name="reportBackUp" finished-at="2024-05-27T19:12:00 IST" duration-ms="1038" status="PASS">
          <reporter-output>
          </reporter-output>
        </test-method> <!-- reportBackUp -->
      </class> <!-- shoppingCart.TC_DWS_003_Test -->
      <class name="electronics.ClickOnElectronicsTest">
        <test-method is-config="true" signature="openBrowser(java.lang.String)[pri:0, instance:electronics.ClickOnElectronicsTest@206a70ef]" started-at="2024-05-27T19:11:02 IST" name="openBrowser" finished-at="2024-05-27T19:11:09 IST" duration-ms="7576" status="PASS">
          <params>
            <param index="0">
              <value>
                <![CDATA[chrome]]>
              </value>
            </param>
          </params>
          <reporter-output>
          </reporter-output>
        </test-method> <!-- openBrowser -->
        <test-method is-config="true" signature="login(java.lang.reflect.Method)[pri:0, instance:electronics.ClickOnElectronicsTest@206a70ef]" started-at="2024-05-27T19:11:09 IST" name="login" finished-at="2024-05-27T19:11:11 IST" duration-ms="2001" status="PASS">
          <params>
            <param index="0">
              <value>
                <![CDATA[public void electronics.ClickOnElectronicsTest.clickOnElectronics() throws java.io.FileNotFoundException]]>
              </value>
            </param>
          </params>
          <reporter-output>
          </reporter-output>
        </test-method> <!-- login -->
        <test-method signature="clickOnElectronics()[pri:0, instance:electronics.ClickOnElectronicsTest@206a70ef]" started-at="2024-05-27T19:11:11 IST" name="clickOnElectronics" finished-at="2024-05-27T19:11:13 IST" duration-ms="1709" status="PASS">
          <reporter-output>
          </reporter-output>
        </test-method> <!-- clickOnElectronics -->
        <test-method is-config="true" signature="logout()[pri:0, instance:electronics.ClickOnElectronicsTest@206a70ef]" started-at="2024-05-27T19:11:13 IST" name="logout" finished-at="2024-05-27T19:11:14 IST" duration-ms="1148" status="PASS">
          <reporter-output>
          </reporter-output>
        </test-method> <!-- logout -->
        <test-method is-config="true" signature="closeBrowser()[pri:0, instance:electronics.ClickOnElectronicsTest@206a70ef]" started-at="2024-05-27T19:11:14 IST" name="closeBrowser" finished-at="2024-05-27T19:11:14 IST" duration-ms="217" status="PASS">
          <reporter-output>
          </reporter-output>
        </test-method> <!-- closeBrowser -->
      </class> <!-- electronics.ClickOnElectronicsTest -->
      <class name="books.ClickOnBooksTest">
        <test-method is-config="true" signature="openBrowser(java.lang.String)[pri:0, instance:books.ClickOnBooksTest@c730b35]" started-at="2024-05-27T19:10:49 IST" name="openBrowser" finished-at="2024-05-27T19:10:56 IST" duration-ms="6617" status="PASS">
          <params>
            <param index="0">
              <value>
                <![CDATA[chrome]]>
              </value>
            </param>
          </params>
          <reporter-output>
          </reporter-output>
        </test-method> <!-- openBrowser -->
        <test-method is-config="true" signature="login(java.lang.reflect.Method)[pri:0, instance:books.ClickOnBooksTest@c730b35]" started-at="2024-05-27T19:10:56 IST" name="login" finished-at="2024-05-27T19:10:59 IST" duration-ms="2639" status="PASS">
          <params>
            <param index="0">
              <value>
                <![CDATA[public void books.ClickOnBooksTest.clickOnBooks() throws java.io.FileNotFoundException]]>
              </value>
            </param>
          </params>
          <reporter-output>
          </reporter-output>
        </test-method> <!-- login -->
        <test-method signature="clickOnBooks()[pri:0, instance:books.ClickOnBooksTest@c730b35]" started-at="2024-05-27T19:10:59 IST" name="clickOnBooks" finished-at="2024-05-27T19:11:00 IST" duration-ms="1243" status="PASS">
          <reporter-output>
          </reporter-output>
        </test-method> <!-- clickOnBooks -->
        <test-method is-config="true" signature="logout()[pri:0, instance:books.ClickOnBooksTest@c730b35]" started-at="2024-05-27T19:11:00 IST" name="logout" finished-at="2024-05-27T19:11:02 IST" duration-ms="1708" status="PASS">
          <reporter-output>
          </reporter-output>
        </test-method> <!-- logout -->
        <test-method is-config="true" signature="closeBrowser()[pri:0, instance:books.ClickOnBooksTest@c730b35]" started-at="2024-05-27T19:11:02 IST" name="closeBrowser" finished-at="2024-05-27T19:11:02 IST" duration-ms="225" status="PASS">
          <reporter-output>
          </reporter-output>
        </test-method> <!-- closeBrowser -->
      </class> <!-- books.ClickOnBooksTest -->
    </test> <!-- Test -->
  </suite> <!-- Suite -->
</testng-results>
